#
# There is insufficient memory for the Java Runtime Environment to continue.
# Native memory allocation (malloc) failed to allocate 797216 bytes for Chunk::new
# Possible reasons:
#   The system is out of physical RAM or swap space
#   The process is running with CompressedOops enabled, and the Java Heap may be blocking the growth of the native heap
# Possible solutions:
#   Reduce memory load on the system
#   Increase physical memory or swap space
#   Check if swap backing store is full
#   Decrease Java heap size (-Xmx/-Xms)
#   Decrease number of Java threads
#   Decrease Java thread stack sizes (-Xss)
#   Set larger code cache with -XX:ReservedCodeCacheSize=
#   JVM is running with Zero Based Compressed Oops mode in which the Java heap is
#     placed in the first 32GB address space. The Java Heap base address is the
#     maximum limit for the native heap growth. Please use -XX:HeapBaseMinAddress
#     to set the Java Heap base and to place the Java Heap above 32GB virtual address.
# This output file may be truncated or incomplete.
#
#  Out of Memory Error (allocation.cpp:389), pid=5092, tid=0x0000000000005a00
#
# JRE version: OpenJDK Runtime Environment (Zulu 8.54.0.21-CA-win64) (8.0_292-b10) (build 1.8.0_292-b10)
# Java VM: OpenJDK 64-Bit Server VM (25.292-b10 mixed mode windows-amd64 compressed oops)
# Failed to write core dump. Minidumps are not enabled by default on client versions of Windows
#

---------------  T H R E A D  ---------------

Current thread (0x000000001a56d000):  JavaThread "C2 CompilerThread0" daemon [_thread_in_native, id=23040, stack(0x000000001ae30000,0x000000001af30000)]

Stack: [0x000000001ae30000,0x000000001af30000]
[error occurred during error reporting (printing stack bounds), id 0xc0000005]

Native frames: (J=compiled Java code, j=interpreted, Vv=VM code, C=native code)


Current CompileTask:
C2:  19859 6442   !   4       org.codehaus.plexus.interpolation.StringSearchInterpolator::interpolate (668 bytes)


---------------  P R O C E S S  ---------------

Java Threads: ( => current thread )
  0x000000001a5ad000 JavaThread "Service Thread" daemon [_thread_blocked, id=11812, stack(0x000000001b230000,0x000000001b330000)]
  0x000000001a577000 JavaThread "C1 CompilerThread3" daemon [_thread_blocked, id=22600, stack(0x000000001b130000,0x000000001b230000)]
  0x000000001a572000 JavaThread "C2 CompilerThread2" daemon [_thread_blocked, id=13660, stack(0x000000001b030000,0x000000001b130000)]
  0x000000001a56f000 JavaThread "C2 CompilerThread1" daemon [_thread_in_native, id=20072, stack(0x000000001af30000,0x000000001b030000)]
=>0x000000001a56d000 JavaThread "C2 CompilerThread0" daemon [_thread_in_native, id=23040, stack(0x000000001ae30000,0x000000001af30000)]
  0x000000001a568000 JavaThread "Attach Listener" daemon [_thread_blocked, id=14152, stack(0x000000001ad30000,0x000000001ae30000)]
  0x000000001a566800 JavaThread "Signal Dispatcher" daemon [_thread_blocked, id=6644, stack(0x000000001ac30000,0x000000001ad30000)]
  0x00000000024aa000 JavaThread "Finalizer" daemon [_thread_blocked, id=10808, stack(0x000000001aa30000,0x000000001ab30000)]
  0x000000001a550800 JavaThread "Reference Handler" daemon [_thread_blocked, id=4540, stack(0x000000001a930000,0x000000001aa30000)]
  0x00000000023b3000 JavaThread "main" [_thread_in_native, id=22656, stack(0x00000000022b0000,0x00000000023b0000)]

Other Threads:
  0x0000000018746800 VMThread [stack: 0x000000001a430000,0x000000001a530000] [id=21592]
  0x000000001a5ae800 WatcherThread [stack: 0x000000001b330000,0x000000001b430000] [id=23216]

VM state:not at safepoint (normal execution)

VM Mutex/Monitor currently owned by a thread: None

heap address: 0x0000000720e00000, size: 2546 MB, Compressed Oops mode: Zero based, Oop shift amount: 3
Narrow klass base: 0x0000000000000000, Narrow klass shift: 3
Compressed class space size: 1073741824 Address: 0x00000007c0000000

Heap:
 PSYoungGen      total 179712K, used 108698K [0x000000078af80000, 0x000000079c080000, 0x00000007c0000000)
  eden space 163840K, 56% used [0x000000078af80000,0x0000000790a2c7f0,0x0000000794f80000)
  from space 15872K, 99% used [0x0000000794f80000,0x0000000795efa338,0x0000000795f00000)
  to   space 29184K, 0% used [0x000000079a400000,0x000000079a400000,0x000000079c080000)
 ParOldGen       total 86016K, used 43269K [0x0000000720e00000, 0x0000000726200000, 0x000000078af80000)
  object space 86016K, 50% used [0x0000000720e00000,0x0000000723841598,0x0000000726200000)
 Metaspace       used 29244K, capacity 30114K, committed 30256K, reserved 1075200K
  class space    used 3287K, capacity 3558K, committed 3632K, reserved 1048576K

Card table byte_map: [0x0000000011870000,0x0000000011d70000] byte_map_base: 0x000000000df69000

Marking Bits: (ParMarkBitMap*) 0x000000005a812f00
 Begin Bits: [0x00000000128d0000, 0x0000000015098000)
 End Bits:   [0x0000000015098000, 0x0000000017860000)

Polling page: 0x0000000000890000

CodeCache: size=245760Kb used=23146Kb max_used=23404Kb free=222613Kb
 bounds [0x00000000024b0000, 0x0000000003bb0000, 0x00000000114b0000]
 total_blobs=6136 nmethods=5687 adapters=361
 compilation: enabled

Compilation events (10 events):
Event: 19.838 Thread 0x000000001a577000 6485       3       org.eclipse.aether.internal.impl.collect.DataPool$Descriptor::<init> (5 bytes)
Event: 19.838 Thread 0x000000001a577000 nmethod 6485 0x000000000269a490 code [0x000000000269a5e0, 0x000000000269a790]
Event: 19.838 Thread 0x000000001a577000 6486       3       org.eclipse.aether.repository.RepositoryPolicy::equals (77 bytes)
Event: 19.839 Thread 0x000000001a577000 nmethod 6486 0x00000000026093d0 code [0x0000000002609580, 0x0000000002609d28]
Event: 19.844 Thread 0x000000001a577000 6487       3       org.apache.maven.model.IssueManagement::setUrl (6 bytes)
Event: 19.845 Thread 0x000000001a577000 nmethod 6487 0x0000000002f57110 code [0x0000000002f57260, 0x0000000002f573d0]
Event: 19.846 Thread 0x000000001a577000 6488       3       org.eclipse.aether.graph.Dependency$Exclusions::size (6 bytes)
Event: 19.846 Thread 0x000000001a577000 nmethod 6488 0x00000000025dd890 code [0x00000000025dd9e0, 0x00000000025ddb50]
Event: 19.853 Thread 0x000000001a572000 6489       4       java.lang.Math::min (46 bytes)
Event: 19.854 Thread 0x000000001a572000 nmethod 6489 0x00000000032b2190 code [0x00000000032b2300, 0x00000000032b23f8]

GC Heap History (10 events):
Event: 9.758 GC heap before
{Heap before GC invocations=6 (full 0):
 PSYoungGen      total 88576K, used 18155K [0x000000078af80000, 0x0000000796e80000, 0x00000007c0000000)
  eden space 81920K, 14% used [0x000000078af80000,0x000000078babed28,0x000000078ff80000)
  from space 6656K, 99% used [0x000000078ff80000,0x00000007905fc050,0x0000000790600000)
  to   space 15872K, 0% used [0x0000000795f00000,0x0000000795f00000,0x0000000796e80000)
 ParOldGen       total 109568K, used 17468K [0x0000000720e00000, 0x0000000727900000, 0x000000078af80000)
  object space 109568K, 15% used [0x0000000720e00000,0x0000000721f0f1b0,0x0000000727900000)
 Metaspace       used 20729K, capacity 21178K, committed 21296K, reserved 1069056K
  class space    used 2416K, capacity 2561K, committed 2608K, reserved 1048576K
Event: 9.771 GC heap after
Heap after GC invocations=6 (full 0):
 PSYoungGen      total 179712K, used 8062K [0x000000078af80000, 0x0000000796e80000, 0x00000007c0000000)
  eden space 163840K, 0% used [0x000000078af80000,0x000000078af80000,0x0000000794f80000)
  from space 15872K, 50% used [0x0000000795f00000,0x00000007966df888,0x0000000796e80000)
  to   space 15872K, 0% used [0x0000000794f80000,0x0000000794f80000,0x0000000795f00000)
 ParOldGen       total 109568K, used 17476K [0x0000000720e00000, 0x0000000727900000, 0x000000078af80000)
  object space 109568K, 15% used [0x0000000720e00000,0x0000000721f111b0,0x0000000727900000)
 Metaspace       used 20729K, capacity 21178K, committed 21296K, reserved 1069056K
  class space    used 2416K, capacity 2561K, committed 2608K, reserved 1048576K
}
Event: 9.771 GC heap before
{Heap before GC invocations=7 (full 1):
 PSYoungGen      total 179712K, used 8062K [0x000000078af80000, 0x0000000796e80000, 0x00000007c0000000)
  eden space 163840K, 0% used [0x000000078af80000,0x000000078af80000,0x0000000794f80000)
  from space 15872K, 50% used [0x0000000795f00000,0x00000007966df888,0x0000000796e80000)
  to   space 15872K, 0% used [0x0000000794f80000,0x0000000794f80000,0x0000000795f00000)
 ParOldGen       total 109568K, used 17476K [0x0000000720e00000, 0x0000000727900000, 0x000000078af80000)
  object space 109568K, 15% used [0x0000000720e00000,0x0000000721f111b0,0x0000000727900000)
 Metaspace       used 20729K, capacity 21178K, committed 21296K, reserved 1069056K
  class space    used 2416K, capacity 2561K, committed 2608K, reserved 1048576K
Event: 9.868 GC heap after
Heap after GC invocations=7 (full 1):
 PSYoungGen      total 179712K, used 0K [0x000000078af80000, 0x0000000796e80000, 0x00000007c0000000)
  eden space 163840K, 0% used [0x000000078af80000,0x000000078af80000,0x0000000794f80000)
  from space 15872K, 0% used [0x0000000795f00000,0x0000000795f00000,0x0000000796e80000)
  to   space 15872K, 0% used [0x0000000794f80000,0x0000000794f80000,0x0000000795f00000)
 ParOldGen       total 86016K, used 19580K [0x0000000720e00000, 0x0000000726200000, 0x000000078af80000)
  object space 86016K, 22% used [0x0000000720e00000,0x000000072211f348,0x0000000726200000)
 Metaspace       used 20729K, capacity 21178K, committed 21296K, reserved 1069056K
  class space    used 2416K, capacity 2561K, committed 2608K, reserved 1048576K
}
Event: 13.396 GC heap before
{Heap before GC invocations=8 (full 1):
 PSYoungGen      total 179712K, used 163840K [0x000000078af80000, 0x0000000796e80000, 0x00000007c0000000)
  eden space 163840K, 100% used [0x000000078af80000,0x0000000794f80000,0x0000000794f80000)
  from space 15872K, 0% used [0x0000000795f00000,0x0000000795f00000,0x0000000796e80000)
  to   space 15872K, 0% used [0x0000000794f80000,0x0000000794f80000,0x0000000795f00000)
 ParOldGen       total 86016K, used 19580K [0x0000000720e00000, 0x0000000726200000, 0x000000078af80000)
  object space 86016K, 22% used [0x0000000720e00000,0x000000072211f348,0x0000000726200000)
 Metaspace       used 25365K, capacity 26008K, committed 26288K, reserved 1073152K
  class space    used 2928K, capacity 3132K, committed 3248K, reserved 1048576K
Event: 13.422 GC heap after
Heap after GC invocations=8 (full 1):
 PSYoungGen      total 179712K, used 15862K [0x000000078af80000, 0x0000000796e80000, 0x00000007c0000000)
  eden space 163840K, 0% used [0x000000078af80000,0x000000078af80000,0x0000000794f80000)
  from space 15872K, 99% used [0x0000000794f80000,0x0000000795efdb80,0x0000000795f00000)
  to   space 15872K, 0% used [0x0000000795f00000,0x0000000795f00000,0x0000000796e80000)
 ParOldGen       total 86016K, used 24539K [0x0000000720e00000, 0x0000000726200000, 0x000000078af80000)
  object space 86016K, 28% used [0x0000000720e00000,0x00000007225f6f90,0x0000000726200000)
 Metaspace       used 25365K, capacity 26008K, committed 26288K, reserved 1073152K
  class space    used 2928K, capacity 3132K, committed 3248K, reserved 1048576K
}
Event: 14.652 GC heap before
{Heap before GC invocations=9 (full 1):
 PSYoungGen      total 179712K, used 179702K [0x000000078af80000, 0x0000000796e80000, 0x00000007c0000000)
  eden space 163840K, 100% used [0x000000078af80000,0x0000000794f80000,0x0000000794f80000)
  from space 15872K, 99% used [0x0000000794f80000,0x0000000795efdb80,0x0000000795f00000)
  to   space 15872K, 0% used [0x0000000795f00000,0x0000000795f00000,0x0000000796e80000)
 ParOldGen       total 86016K, used 24539K [0x0000000720e00000, 0x0000000726200000, 0x000000078af80000)
  object space 86016K, 28% used [0x0000000720e00000,0x00000007225f6f90,0x0000000726200000)
 Metaspace       used 25925K, capacity 26642K, committed 26800K, reserved 1073152K
  class space    used 2959K, capacity 3154K, committed 3248K, reserved 1048576K
Event: 14.685 GC heap after
Heap after GC invocations=9 (full 1):
 PSYoungGen      total 179712K, used 15865K [0x000000078af80000, 0x0000000796e80000, 0x00000007c0000000)
  eden space 163840K, 0% used [0x000000078af80000,0x000000078af80000,0x0000000794f80000)
  from space 15872K, 99% used [0x0000000795f00000,0x0000000796e7e730,0x0000000796e80000)
  to   space 15872K, 0% used [0x0000000794f80000,0x0000000794f80000,0x0000000795f00000)
 ParOldGen       total 86016K, used 27487K [0x0000000720e00000, 0x0000000726200000, 0x000000078af80000)
  object space 86016K, 31% used [0x0000000720e00000,0x00000007228d7f80,0x0000000726200000)
 Metaspace       used 25925K, capacity 26642K, committed 26800K, reserved 1073152K
  class space    used 2959K, capacity 3154K, committed 3248K, reserved 1048576K
}
Event: 18.428 GC heap before
{Heap before GC invocations=10 (full 1):
 PSYoungGen      total 179712K, used 179705K [0x000000078af80000, 0x0000000796e80000, 0x00000007c0000000)
  eden space 163840K, 100% used [0x000000078af80000,0x0000000794f80000,0x0000000794f80000)
  from space 15872K, 99% used [0x0000000795f00000,0x0000000796e7e730,0x0000000796e80000)
  to   space 15872K, 0% used [0x0000000794f80000,0x0000000794f80000,0x0000000795f00000)
 ParOldGen       total 86016K, used 27487K [0x0000000720e00000, 0x0000000726200000, 0x000000078af80000)
  object space 86016K, 31% used [0x0000000720e00000,0x00000007228d7f80,0x0000000726200000)
 Metaspace       used 27424K, capacity 28246K, committed 28464K, reserved 1075200K
  class space    used 3085K, capacity 3326K, committed 3376K, reserved 1048576K
Event: 18.449 GC heap after
Heap after GC invocations=10 (full 1):
 PSYoungGen      total 179712K, used 15848K [0x000000078af80000, 0x000000079c080000, 0x00000007c0000000)
  eden space 163840K, 0% used [0x000000078af80000,0x000000078af80000,0x0000000794f80000)
  from space 15872K, 99% used [0x0000000794f80000,0x0000000795efa338,0x0000000795f00000)
  to   space 29184K, 0% used [0x000000079a400000,0x000000079a400000,0x000000079c080000)
 ParOldGen       total 86016K, used 43269K [0x0000000720e00000, 0x0000000726200000, 0x000000078af80000)
  object space 86016K, 50% used [0x0000000720e00000,0x0000000723841598,0x0000000726200000)
 Metaspace       used 27424K, capacity 28246K, committed 28464K, reserved 1075200K
  class space    used 3085K, capacity 3326K, committed 3376K, reserved 1048576K
}

Deoptimization events (10 events):
Event: 18.809 Thread 0x00000000023b3000 Uncommon trap: reason=bimorphic action=maybe_recompile pc=0x00000000036c14a4 method=com.sun.tools.javac.jvm.ClassReader.includeClassFile(Lcom/sun/tools/javac/code/Symbol$PackageSymbol;Ljavax/tools/JavaFileObject;)V @ 83
Event: 18.809 Thread 0x00000000023b3000 Uncommon trap: reason=bimorphic action=maybe_recompile pc=0x00000000036c14a4 method=com.sun.tools.javac.jvm.ClassReader.includeClassFile(Lcom/sun/tools/javac/code/Symbol$PackageSymbol;Ljavax/tools/JavaFileObject;)V @ 83
Event: 19.277 Thread 0x00000000023b3000 Uncommon trap: reason=unstable_if action=reinterpret pc=0x0000000002f77990 method=org.eclipse.aether.util.graph.transformer.ConflictResolver$State.deriveScope(Lorg/eclipse/aether/graph/DependencyNode;Ljava/lang/Object;)Ljava/lang/String; @ 8
Event: 19.277 Thread 0x00000000023b3000 Uncommon trap: reason=unstable_if action=reinterpret pc=0x0000000002f8908c method=org.eclipse.aether.util.graph.transformer.ConflictResolver$State.deriveScope(Lorg/eclipse/aether/graph/DependencyNode;Ljava/lang/Object;)Ljava/lang/String; @ 8
Event: 19.502 Thread 0x00000000023b3000 Uncommon trap: reason=unstable_if action=reinterpret pc=0x000000000298b6d8 method=com.google.inject.internal.MoreTypes.canonicalize(Ljava/lang/reflect/Type;)Ljava/lang/reflect/Type; @ 16
Event: 19.502 Thread 0x00000000023b3000 Uncommon trap: reason=class_check action=maybe_recompile pc=0x0000000002972974 method=com.google.inject.internal.MoreTypes.getRawType(Ljava/lang/reflect/Type;)Ljava/lang/Class; @ 13
Event: 19.510 Thread 0x00000000023b3000 Uncommon trap: reason=unstable_if action=reinterpret pc=0x000000000297c19c method=com.google.inject.internal.MoreTypes.canonicalize(Ljava/lang/reflect/Type;)Ljava/lang/reflect/Type; @ 16
Event: 19.510 Thread 0x00000000023b3000 Uncommon trap: reason=class_check action=maybe_recompile pc=0x0000000002972974 method=com.google.inject.internal.MoreTypes.getRawType(Ljava/lang/reflect/Type;)Ljava/lang/Class; @ 13
Event: 19.510 Thread 0x00000000023b3000 Uncommon trap: reason=class_check action=maybe_recompile pc=0x0000000002972974 method=com.google.inject.internal.MoreTypes.getRawType(Ljava/lang/reflect/Type;)Ljava/lang/Class; @ 13
Event: 19.519 Thread 0x00000000023b3000 Uncommon trap: reason=class_check action=maybe_recompile pc=0x0000000002972974 method=com.google.inject.internal.MoreTypes.getRawType(Ljava/lang/reflect/Type;)Ljava/lang/Class; @ 13

Classes redefined (0 events):
No events

Internal exceptions (10 events):
Event: 12.712 Thread 0x00000000023b3000 Implicit null exception at 0x0000000002b44d33 to 0x0000000002b45179
Event: 12.718 Thread 0x00000000023b3000 Implicit null exception at 0x0000000002b4d295 to 0x0000000002b4d495
Event: 13.315 Thread 0x00000000023b3000 Implicit null exception at 0x0000000002f66b8c to 0x0000000002f66cd1
Event: 14.955 Thread 0x00000000023b3000 Implicit null exception at 0x0000000002b6ebf3 to 0x0000000002b6f79d
Event: 14.955 Thread 0x00000000023b3000 Implicit null exception at 0x000000000287161b to 0x0000000002871a9d
Event: 15.853 Thread 0x00000000023b3000 Implicit null exception at 0x00000000036b9232 to 0x00000000036b9415
Event: 17.230 Thread 0x00000000023b3000 Implicit null exception at 0x0000000002636746 to 0x000000000263690d
Event: 17.246 Thread 0x00000000023b3000 Exception <a 'java/io/FileNotFoundException'> (0x0000000793781f60) thrown at [C:\jenkins\workspace\zulu8-build-win64\zulu-src\hotspot\src\share\vm\prims\jni.cpp, line 711]
Event: 17.247 Thread 0x00000000023b3000 Exception <a 'java/io/FileNotFoundException'> (0x00000007937838a8) thrown at [C:\jenkins\workspace\zulu8-build-win64\zulu-src\hotspot\src\share\vm\prims\jni.cpp, line 711]
Event: 19.525 Thread 0x00000000023b3000 Exception <a 'java/lang/NoSuchMethodError': org.apache.maven.execution.MavenExecutionRequest.getFailureBehavior()Ljava/lang/String;> (0x000000078f21cbf0) thrown at [C:\jenkins\workspace\zulu8-build-win64\zulu-src\hotspot\src\share\vm\interpreter\linkResol

Events (10 events):
Event: 19.679 Thread 0x000000001a56f000 flushing nmethod 0x00000000031889d0
Event: 19.679 Thread 0x000000001a56f000 flushing nmethod 0x000000000319b110
Event: 19.679 Thread 0x000000001a56f000 flushing nmethod 0x00000000031a0710
Event: 19.680 Thread 0x000000001a56f000 flushing nmethod 0x00000000031df850
Event: 19.680 Thread 0x000000001a56f000 flushing nmethod 0x00000000032565d0
Event: 19.689 Thread 0x000000001a577000 flushing nmethod 0x000000000327b150
Event: 19.689 Thread 0x000000001a577000 flushing nmethod 0x00000000032ad490
Event: 19.689 Thread 0x000000001a577000 flushing nmethod 0x00000000032ae110
Event: 19.689 Thread 0x000000001a577000 flushing nmethod 0x00000000032b6c50
Event: 19.689 Thread 0x000000001a577000 flushing nmethod 0x000000000330a090


Dynamic libraries:
0x00007ff642d10000 - 0x00007ff642d45000 	C:\Program Files\Zulu\zulu-8\bin\java.exe
0x00007fffcb5f0000 - 0x00007fffcb7e8000 	C:\WINDOWS\SYSTEM32\ntdll.dll
0x00007fffca1c0000 - 0x00007fffca27f000 	C:\WINDOWS\System32\KERNEL32.DLL
0x00007fffc8df0000 - 0x00007fffc90c2000 	C:\WINDOWS\System32\KERNELBASE.dll
0x00007fffca800000 - 0x00007fffca8ae000 	C:\WINDOWS\System32\ADVAPI32.dll
0x00007fffcb510000 - 0x00007fffcb5ae000 	C:\WINDOWS\System32\msvcrt.dll
0x00007fffcb3c0000 - 0x00007fffcb45c000 	C:\WINDOWS\System32\sechost.dll
0x00007fffcb290000 - 0x00007fffcb3b5000 	C:\WINDOWS\System32\RPCRT4.dll
0x00007fffcb0e0000 - 0x00007fffcb281000 	C:\WINDOWS\System32\USER32.dll
0x00007fffc9190000 - 0x00007fffc91b2000 	C:\WINDOWS\System32\win32u.dll
0x00007fffcb0b0000 - 0x00007fffcb0db000 	C:\WINDOWS\System32\GDI32.dll
0x00007fffc91c0000 - 0x00007fffc92cf000 	C:\WINDOWS\System32\gdi32full.dll
0x00007fffc8d50000 - 0x00007fffc8ded000 	C:\WINDOWS\System32\msvcp_win.dll
0x00007fffc9430000 - 0x00007fffc9530000 	C:\WINDOWS\System32\ucrtbase.dll
0x00007fffb38d0000 - 0x00007fffb3b6a000 	C:\WINDOWS\WinSxS\amd64_microsoft.windows.common-controls_6595b64144ccf1df_6.0.19041.1110_none_60b5254171f9507e\COMCTL32.dll
0x00007fffc96f0000 - 0x00007fffc9722000 	C:\WINDOWS\System32\IMM32.DLL
0x000000005a8a0000 - 0x000000005a972000 	C:\Program Files\Zulu\zulu-8\jre\bin\msvcr100.dll
0x0000000059fd0000 - 0x000000005a896000 	C:\Program Files\Zulu\zulu-8\jre\bin\server\jvm.dll
0x00007fffca7f0000 - 0x00007fffca7f8000 	C:\WINDOWS\System32\PSAPI.DLL
0x00007fffb6690000 - 0x00007fffb6699000 	C:\WINDOWS\SYSTEM32\WSOCK32.dll
0x00007fffca140000 - 0x00007fffca1ab000 	C:\WINDOWS\System32\WS2_32.dll
0x00007fffbe0a0000 - 0x00007fffbe0aa000 	C:\WINDOWS\SYSTEM32\VERSION.dll
0x00007fffbe070000 - 0x00007fffbe097000 	C:\WINDOWS\SYSTEM32\WINMM.dll
0x00007fffb4aa0000 - 0x00007fffb4aaf000 	C:\Program Files\Zulu\zulu-8\jre\bin\verify.dll
0x00007fffb4a70000 - 0x00007fffb4a99000 	C:\Program Files\Zulu\zulu-8\jre\bin\java.dll
0x00007fffb4a50000 - 0x00007fffb4a66000 	C:\Program Files\Zulu\zulu-8\jre\bin\zip.dll
0x00007fffc9920000 - 0x00007fffca064000 	C:\WINDOWS\System32\SHELL32.dll
0x00007fffc6d60000 - 0x00007fffc74f2000 	C:\WINDOWS\SYSTEM32\windows.storage.dll
0x00007fffca280000 - 0x00007fffca5d5000 	C:\WINDOWS\System32\combase.dll
0x00007fffc8660000 - 0x00007fffc8690000 	C:\WINDOWS\SYSTEM32\Wldp.dll
0x00007fffca600000 - 0x00007fffca6ad000 	C:\WINDOWS\System32\SHCORE.dll
0x00007fffcae40000 - 0x00007fffcae95000 	C:\WINDOWS\System32\shlwapi.dll
0x00007fffc8c20000 - 0x00007fffc8c3f000 	C:\WINDOWS\SYSTEM32\profapi.dll
0x0000000069ac0000 - 0x0000000069ae4000 	C:\Users\asus\AppData\Local\Temp\jansi-2.4.0-30c875ae0f011716-jansi.dll
0x00007fffb4a30000 - 0x00007fffb4a4b000 	C:\Program Files\Zulu\zulu-8\jre\bin\net.dll
0x00007fffc8440000 - 0x00007fffc84aa000 	C:\WINDOWS\system32\mswsock.dll
0x00007fffb4a10000 - 0x00007fffb4a21000 	C:\Program Files\Zulu\zulu-8\jre\bin\nio.dll
0x00007fffba7b0000 - 0x00007fffba7bd000 	C:\Program Files\Zulu\zulu-8\jre\bin\management.dll
0x00007fffaec20000 - 0x00007fffaec37000 	C:\WINDOWS\system32\napinsp.dll
0x00007fffae300000 - 0x00007fffae31b000 	C:\WINDOWS\system32\pnrpnsp.dll
0x00007fffc38a0000 - 0x00007fffc38b5000 	C:\WINDOWS\system32\wshbth.dll
0x00007fffc49f0000 - 0x00007fffc4a0d000 	C:\WINDOWS\system32\NLAapi.dll
0x00007fffc80e0000 - 0x00007fffc811b000 	C:\WINDOWS\SYSTEM32\IPHLPAPI.DLL
0x00007fffc8120000 - 0x00007fffc81ea000 	C:\WINDOWS\SYSTEM32\DNSAPI.dll
0x00007fffca1b0000 - 0x00007fffca1b8000 	C:\WINDOWS\System32\NSI.dll
0x00007fffae280000 - 0x00007fffae292000 	C:\WINDOWS\System32\winrnr.dll
0x00007fffc0eb0000 - 0x00007fffc0eba000 	C:\Windows\System32\rasadhlp.dll
0x00007fffbe370000 - 0x00007fffbe3f0000 	C:\WINDOWS\System32\fwpuclnt.dll
0x00007fffc90d0000 - 0x00007fffc90f7000 	C:\WINDOWS\System32\bcrypt.dll

VM Arguments:
jvm_args: -Dmaven.multiModuleProjectDirectory=E:\[BINUS] Semester 7\[0] Skripsi\Final Code\main\service\order-skripsi 
java_command: org.apache.maven.wrapper.MavenWrapperMain package -DskipTests=true
java_class_path (initial): E:\[BINUS] Semester 7\[0] Skripsi\Final Code\main\service\order-skripsi\.mvn\wrapper\maven-wrapper.jar
Launcher Type: SUN_STANDARD

Environment Variables:
JAVA_HOME=C:\Program Files\Zulu\zulu-8
USERNAME=asus
OS=Windows_NT
PROCESSOR_IDENTIFIER=AMD64 Family 23 Model 24 Stepping 1, AuthenticAMD



---------------  S Y S T E M  ---------------

OS: Windows 10.0 , 64 bit Build 19041 (10.0.19041.2364)
HyperV virtualization detected

CPU:total 8 (initial active 8) (8 cores per cpu, 1 threads per core) family 23 model 24 stepping 1, cmov, cx8, fxsr, mmx, sse, sse2, sse3, ssse3, sse4.1, sse4.2, popcnt, avx, avx2, aes, clmul, mmxext, 3dnowpref, lzcnt, sse4a, tsc, tscinvbit, tscinv, bmi1

Memory: 4k page, physical 10421144k(427376k free), swap 22709144k(5916k free)

vm_info: OpenJDK 64-Bit Server VM (25.292-b10) for windows-amd64 JRE (Zulu 8.54.0.21-CA-win64) (1.8.0_292-b10), built on Apr  6 2021 10:31:04 by "tester" with MS VC++ 10.0 (VS2010)

time: Thu Feb 09 16:02:42 2023
timezone: SE Asia Standard Time
elapsed time: 19.867856 seconds (0d 0h 0m 19s)

